Failed to fetch updates - TelegramNetworkError: HTTP Client says - ServerDisconnectedError: Server disconnected
Sleep for 1.000000 seconds and try again... (tryings = 0, bot id = 8935147286)
Run time of job "_job_poll_orders (trigger: interval[0:05:00], next run at: 2026-05-25 23:51:09 +04)" was missed by 0:03:52.175742
Failed to fetch updates - TelegramNetworkError: HTTP Client says - ServerDisconnectedError: Server disconnected
Sleep for 1.000000 seconds and try again... (tryings = 0, bot id = 8935147286)
Failed to fetch updates - TelegramNetworkError: HTTP Client says - ServerDisconnectedError: Server disconnected
Sleep for 1.000000 seconds and try again... (tryings = 0, bot id = 8935147286)
Run time of job "_job_poll_orders (trigger: interval[0:05:00], next run at: 2026-05-26 00:11:09 +04)" was missed by 0:01:43.123471
Failed to fetch updates - TelegramNetworkError: HTTP Client says - ServerDisconnectedError: Server disconnected
Sleep for 1.000000 seconds and try again... (tryings = 0, bot id = 8935147286)
Failed to fetch updates - TelegramNetworkError: HTTP Client says - ServerDisconnectedError: Server disconnected
Sleep for 1.000000 seconds and try again... (tryings = 0, bot id = 8935147286)
Failed to fetch updates - TelegramNetworkError: HTTP Client says - ClientConnectorError: Cannot connect to host api.telegram.org:443 ssl:default [None]
Sleep for 1.149864 seconds and try again... (tryings = 1, bot id = 8935147286)
Run time of job "_job_poll_orders (trigger: interval[0:05:00], next run at: 2026-05-26 00:46:09 +04)" was missed by 0:03:47.726415
Failed to fetch updates - TelegramNetworkError: HTTP Client says - ServerDisconnectedError: Server disconnected
Sleep for 1.000000 seconds and try again... (tryings = 0, bot id = 8935147286)
Run time of job "_job_poll_orders (trigger: interval[0:05:00], next run at: 2026-05-26 01:21:09 +04)" was missed by 0:02:30.549603
Failed to fetch updates - TelegramNetworkError: HTTP Client says - ServerDisconnectedError: Server disconnected
Sleep for 1.000000 seconds and try again... (tryings = 0, bot id = 8935147286)
Failed to fetch updates - TelegramNetworkError: HTTP Client says - ClientConnectorError: Cannot connect to host api.telegram.org:443 ssl:default [None]
Sleep for 1.337269 seconds and try again... (tryings = 1, bot id = 8935147286)
Failed to fetch updates - TelegramNetworkError: HTTP Client says - ServerDisconnectedError: Server disconnected
Sleep for 1.000000 seconds and try again... (tryings = 0, bot id = 8935147286)
Run time of job "_job_poll_orders (trigger: interval[0:05:00], next run at: 2026-05-26 02:06:09 +04)" was missed by 0:00:06.934228
Failed to fetch updates - TelegramNetworkError: HTTP Client says - ClientOSError: [Errno 54] Connection reset by peer
Sleep for 1.000000 seconds and try again... (tryings = 0, bot id = 8935147286)
Failed to fetch updates - TelegramNetworkError: HTTP Client says - ServerDisconnectedError: Server disconnected
Sleep for 1.000000 seconds and try again... (tryings = 0, bot id = 8935147286)
Failed to fetch updates - TelegramNetworkError: HTTP Client says - ServerDisconnectedError: Server disconnected
Sleep for 1.000000 seconds and try again... (tryings = 0, bot id = 8935147286)
Failed to fetch updates - TelegramNetworkError: HTTP Client says - ServerDisconnectedError: Server disconnected
Sleep for 1.000000 seconds and try again... (tryings = 0, bot id = 8935147286)
Run time of job "_job_poll_orders (trigger: interval[0:05:00], next run at: 2026-05-26 03:26:09 +04)" was missed by 0:03:07.589462
Failed to fetch updates - TelegramNetworkError: HTTP Client says - ServerDisconnectedError: Server disconnected
Sleep for 1.000000 seconds and try again... (tryings = 0, bot id = 8935147286)
Failed to fetch updates - TelegramNetworkError: HTTP Client says - ServerDisconnectedError: Server disconnected
Sleep for 1.000000 seconds and try again... (tryings = 0, bot id = 8935147286)
Run time of job "_job_poll_orders (trigger: interval[0:05:00], next run at: 2026-05-26 03:46:09 +04)" was missed by 0:02:23.759058
Failed to fetch updates - TelegramNetworkError: HTTP Client says - ServerDisconnectedError: Server disconnected
Sleep for 1.000000 seconds and try again... (tryings = 0, bot id = 8935147286)
Failed to fetch updates - TelegramNetworkError: HTTP Client says - ServerDisconnectedError: Server disconnected
Sleep for 1.000000 seconds and try again... (tryings = 0, bot id = 8935147286)
Failed to fetch updates - TelegramNetworkError: HTTP Client says - ClientConnectorError: Cannot connect to host api.telegram.org:443 ssl:default [None]
Sleep for 1.363080 seconds and try again... (tryings = 1, bot id = 8935147286)
Run time of job "_job_poll_orders (trigger: interval[0:05:00], next run at: 2026-05-26 04:31:09 +04)" was missed by 0:04:55.370713
Failed to fetch updates - TelegramNetworkError: HTTP Client says - ServerDisconnectedError: Server disconnected
Sleep for 1.000000 seconds and try again... (tryings = 0, bot id = 8935147286)
Failed to fetch updates - TelegramNetworkError: HTTP Client says - ServerDisconnectedError: Server disconnected
Sleep for 1.000000 seconds and try again... (tryings = 0, bot id = 8935147286)
Failed to fetch updates - TelegramNetworkError: HTTP Client says - ServerDisconnectedError: Server disconnected
Sleep for 1.000000 seconds and try again... (tryings = 0, bot id = 8935147286)
Failed to fetch updates - TelegramNetworkError: HTTP Client says - ServerDisconnectedError: Server disconnected
Sleep for 1.000000 seconds and try again... (tryings = 0, bot id = 8935147286)
Run time of job "_job_poll_orders (trigger: interval[0:05:00], next run at: 2026-05-26 06:16:09 +04)" was missed by 0:00:34.328260
Failed to fetch updates - TelegramNetworkError: HTTP Client says - Request timeout error
Sleep for 1.544316 seconds and try again... (tryings = 1, bot id = 8935147286)
Failed to fetch updates - TelegramNetworkError: HTTP Client says - ClientConnectorError: Cannot connect to host api.telegram.org:443 ssl:default [None]
Sleep for 2.005941 seconds and try again... (tryings = 2, bot id = 8935147286)
Failed to fetch updates - TelegramNetworkError: HTTP Client says - ServerDisconnectedError: Server disconnected
Sleep for 1.000000 seconds and try again... (tryings = 0, bot id = 8935147286)
Failed to fetch updates - TelegramNetworkError: HTTP Client says - ServerDisconnectedError: Server disconnected
Sleep for 1.000000 seconds and try again... (tryings = 0, bot id = 8935147286)
Failed to fetch updates - TelegramNetworkError: HTTP Client says - ServerDisconnectedError: Server disconnected
Sleep for 1.000000 seconds and try again... (tryings = 0, bot id = 8935147286)
Failed to fetch updates - TelegramNetworkError: HTTP Client says - ClientConnectorError: Cannot connect to host api.telegram.org:443 ssl:default [None]
Sleep for 1.359727 seconds and try again... (tryings = 1, bot id = 8935147286)
Run time of job "_job_poll_orders (trigger: interval[0:05:00], next run at: 2026-05-26 07:36:09 +04)" was missed by 0:03:51.184788
Failed to fetch updates - TelegramNetworkError: HTTP Client says - ServerDisconnectedError: Server disconnected
Sleep for 1.000000 seconds and try again... (tryings = 0, bot id = 8935147286)
Failed to fetch updates - TelegramNetworkError: HTTP Client says - ServerDisconnectedError: Server disconnected
Sleep for 1.000000 seconds and try again... (tryings = 0, bot id = 8935147286)
Run time of job "_job_poll_orders (trigger: interval[0:05:00], next run at: 2026-05-26 07:56:09 +04)" was missed by 0:01:42.883655
Failed to fetch updates - TelegramNetworkError: HTTP Client says - ClientConnectorError: Cannot connect to host api.telegram.org:443 ssl:default [None]
Sleep for 1.181453 seconds and try again... (tryings = 1, bot id = 8935147286)
Failed to fetch updates - TelegramNetworkError: HTTP Client says - ServerDisconnectedError: Server disconnected
Sleep for 1.000000 seconds and try again... (tryings = 0, bot id = 8935147286)
Failed to fetch updates - TelegramNetworkError: HTTP Client says - ServerDisconnectedError: Server disconnected
Sleep for 1.000000 seconds and try again... (tryings = 0, bot id = 8935147286)
Run time of job "_job_poll_orders (trigger: interval[0:05:00], next run at: 2026-05-26 08:36:09 +04)" was missed by 0:01:36.950713
Failed to fetch updates - TelegramNetworkError: HTTP Client says - ServerDisconnectedError: Server disconnected
Sleep for 1.000000 seconds and try again... (tryings = 0, bot id = 8935147286)
Failed to fetch updates - TelegramNetworkError: HTTP Client says - ServerDisconnectedError: Server disconnected
Sleep for 1.000000 seconds and try again... (tryings = 0, bot id = 8935147286)
Failed to fetch updates - TelegramNetworkError: HTTP Client says - ServerDisconnectedError: Server disconnected
Sleep for 1.000000 seconds and try again... (tryings = 0, bot id = 8935147286)
Run time of job "_job_poll_orders (trigger: interval[0:05:00], next run at: 2026-05-26 09:36:09 +04)" was missed by 0:00:54.806546
Failed to fetch updates - TelegramNetworkError: HTTP Client says - ServerDisconnectedError: Server disconnected
Sleep for 1.000000 seconds and try again... (tryings = 0, bot id = 8935147286)
Failed to fetch updates - TelegramNetworkError: HTTP Client says - ClientConnectorError: Cannot connect to host api.telegram.org:443 ssl:default [None]
Sleep for 1.266968 seconds and try again... (tryings = 1, bot id = 8935147286)
Failed to fetch updates - TelegramNetworkError: HTTP Client says - ServerDisconnectedError: Server disconnected
Sleep for 1.000000 seconds and try again... (tryings = 0, bot id = 8935147286)
Failed to fetch updates - TelegramNetworkError: HTTP Client says - ClientOSError: [Errno 54] Connection reset by peer
Sleep for 1.000000 seconds and try again... (tryings = 0, bot id = 8935147286)
Run time of job "_job_poll_orders (trigger: interval[0:05:00], next run at: 2026-05-26 10:16:09 +04)" was missed by 0:04:33.486567
Failed to fetch updates - TelegramNetworkError: HTTP Client says - ServerDisconnectedError: Server disconnected
Sleep for 1.000000 seconds and try again... (tryings = 0, bot id = 8935147286)
Failed to fetch updates - TelegramNetworkError: HTTP Client says - ServerDisconnectedError: Server disconnected
Sleep for 1.000000 seconds and try again... (tryings = 0, bot id = 8935147286)
Failed to fetch updates - TelegramNetworkError: HTTP Client says - ServerDisconnectedError: Server disconnected
Sleep for 1.000000 seconds and try again... (tryings = 0, bot id = 8935147286)
Failed to fetch updates - TelegramNetworkError: HTTP Client says - ServerDisconnectedError: Server disconnected
Sleep for 1.000000 seconds and try again... (tryings = 0, bot id = 8935147286)
Failed to fetch updates - TelegramNetworkError: HTTP Client says - ServerDisconnectedError: Server disconnected
Sleep for 1.000000 seconds and try again... (tryings = 0, bot id = 8935147286)
Failed to fetch updates - TelegramNetworkError: HTTP Client says - Request timeout error
Sleep for 1.000000 seconds and try again... (tryings = 0, bot id = 8935147286)
Run time of job "_job_poll_orders (trigger: interval[0:05:00], next run at: 2026-05-26 11:31:09 +04)" was missed by 0:04:17.946173
Failed to fetch updates - TelegramNetworkError: HTTP Client says - Request timeout error
Sleep for 1.382469 seconds and try again... (tryings = 1, bot id = 8935147286)
Failed to fetch updates - TelegramNetworkError: HTTP Client says - Request timeout error
Sleep for 1.745002 seconds and try again... (tryings = 2, bot id = 8935147286)
Failed to fetch updates - TelegramNetworkError: HTTP Client says - Request timeout error
Sleep for 2.278999 seconds and try again... (tryings = 3, bot id = 8935147286)
Failed to fetch updates - TelegramNetworkError: HTTP Client says - Request timeout error
Sleep for 2.955565 seconds and try again... (tryings = 4, bot id = 8935147286)
Failed to fetch updates - TelegramNetworkError: HTTP Client says - Request timeout error
Sleep for 3.773595 seconds and try again... (tryings = 5, bot id = 8935147286)
Failed to fetch updates - TelegramNetworkError: HTTP Client says - Request timeout error
Sleep for 4.746109 seconds and try again... (tryings = 6, bot id = 8935147286)
Failed to fetch updates - TelegramNetworkError: HTTP Client says - Request timeout error
Sleep for 5.117356 seconds and try again... (tryings = 7, bot id = 8935147286)
Failed to fetch updates - TelegramNetworkError: HTTP Client says - Request timeout error
Sleep for 4.949164 seconds and try again... (tryings = 8, bot id = 8935147286)
Failed to fetch updates - TelegramNetworkError: HTTP Client says - Request timeout error
Sleep for 4.869097 seconds and try again... (tryings = 9, bot id = 8935147286)
Failed to fetch updates - TelegramNetworkError: HTTP Client says - Request timeout error
Sleep for 4.992507 seconds and try again... (tryings = 10, bot id = 8935147286)
Failed to fetch updates - TelegramNetworkError: HTTP Client says - Request timeout error
Sleep for 4.991212 seconds and try again... (tryings = 11, bot id = 8935147286)
Failed to fetch updates - TelegramNetworkError: HTTP Client says - Request timeout error
Sleep for 4.906057 seconds and try again... (tryings = 12, bot id = 8935147286)
Failed to fetch updates - TelegramNetworkError: HTTP Client says - Request timeout error
Sleep for 4.892117 seconds and try again... (tryings = 13, bot id = 8935147286)
Failed to fetch updates - TelegramNetworkError: HTTP Client says - Request timeout error
Sleep for 4.950789 seconds and try again... (tryings = 14, bot id = 8935147286)
Failed to fetch updates - TelegramNetworkError: HTTP Client says - Request timeout error
Sleep for 5.044003 seconds and try again... (tryings = 15, bot id = 8935147286)
Failed to fetch updates - TelegramNetworkError: HTTP Client says - Request timeout error
Sleep for 4.868831 seconds and try again... (tryings = 16, bot id = 8935147286)
Failed to fetch updates - TelegramNetworkError: HTTP Client says - Request timeout error
Sleep for 4.986866 seconds and try again... (tryings = 17, bot id = 8935147286)
Failed to fetch updates - TelegramNetworkError: HTTP Client says - Request timeout error
Sleep for 5.014248 seconds and try again... (tryings = 18, bot id = 8935147286)
Failed to fetch updates - TelegramNetworkError: HTTP Client says - Request timeout error
Sleep for 5.071612 seconds and try again... (tryings = 19, bot id = 8935147286)
Failed to fetch updates - TelegramNetworkError: HTTP Client says - Request timeout error
Sleep for 5.036998 seconds and try again... (tryings = 20, bot id = 8935147286)
Failed to fetch updates - TelegramNetworkError: HTTP Client says - Request timeout error
Sleep for 5.159408 seconds and try again... (tryings = 21, bot id = 8935147286)
Cause exception while process update id=410254739 by bot id=8935147286
TelegramBadRequest: Telegram server says - Bad Request: can't parse entities: Can't find end of the entity starting at byte offset 108
Traceback (most recent call last):
  File "/Users/refusned/Desktop/New bot/exchange-monitor-bot/.venv/lib/python3.14/site-packages/aiogram/dispatcher/dispatcher.py", line 320, in _process_update
    response = await self.feed_update(bot, update, **kwargs)
               ^^^^^^^^^^^^^^^^^^^^^^^^^^^^^^^^^^^^^^^^^^^^^
  File "/Users/refusned/Desktop/New bot/exchange-monitor-bot/.venv/lib/python3.14/site-packages/aiogram/dispatcher/dispatcher.py", line 164, in feed_update
    response = await self.update.wrap_outer_middleware(
               ^^^^^^^^^^^^^^^^^^^^^^^^^^^^^^^^^^^^^^^^
    ...<7 lines>...
    )
    ^
  File "/Users/refusned/Desktop/New bot/exchange-monitor-bot/.venv/lib/python3.14/site-packages/aiogram/dispatcher/middlewares/error.py", line 27, in __call__
    return await handler(event, data)
           ^^^^^^^^^^^^^^^^^^^^^^^^^^
  File "/Users/refusned/Desktop/New bot/exchange-monitor-bot/.venv/lib/python3.14/site-packages/aiogram/dispatcher/middlewares/user_context.py", line 58, in __call__
    return await handler(event, data)
           ^^^^^^^^^^^^^^^^^^^^^^^^^^
  File "/Users/refusned/Desktop/New bot/exchange-monitor-bot/.venv/lib/python3.14/site-packages/aiogram/fsm/middleware.py", line 43, in __call__
    return await handler(event, data)
           ^^^^^^^^^^^^^^^^^^^^^^^^^^
  File "/Users/refusned/Desktop/New bot/exchange-monitor-bot/.venv/lib/python3.14/site-packages/aiogram/dispatcher/event/telegram.py", line 126, in trigger
    return await wrapped_inner(event, kwargs)
           ^^^^^^^^^^^^^^^^^^^^^^^^^^^^^^^^^^
  File "/Users/refusned/Desktop/New bot/exchange-monitor-bot/.venv/lib/python3.14/site-packages/aiogram/dispatcher/event/handler.py", line 71, in call
    return await wrapped()
           ^^^^^^^^^^^^^^^
  File "/Users/refusned/Desktop/New bot/exchange-monitor-bot/.venv/lib/python3.14/site-packages/aiogram/dispatcher/dispatcher.py", line 283, in _listen_update
    return await self.propagate_event(update_type=update_type, event=event, **kwargs)
           ^^^^^^^^^^^^^^^^^^^^^^^^^^^^^^^^^^^^^^^^^^^^^^^^^^^^^^^^^^^^^^^^^^^^^^^^^^
  File "/Users/refusned/Desktop/New bot/exchange-monitor-bot/.venv/lib/python3.14/site-packages/aiogram/dispatcher/router.py", line 165, in propagate_event
    return await observer.wrap_outer_middleware(_wrapped, event=event, data=kwargs)
           ^^^^^^^^^^^^^^^^^^^^^^^^^^^^^^^^^^^^^^^^^^^^^^^^^^^^^^^^^^^^^^^^^^^^^^^^
  File "/Users/refusned/Desktop/New bot/exchange-monitor-bot/.venv/lib/python3.14/site-packages/aiogram/dispatcher/router.py", line 157, in _wrapped
    return await self._propagate_event(
           ^^^^^^^^^^^^^^^^^^^^^^^^^^^^
    ...<4 lines>...
    )
    ^
  File "/Users/refusned/Desktop/New bot/exchange-monitor-bot/.venv/lib/python3.14/site-packages/aiogram/dispatcher/router.py", line 193, in _propagate_event
    response = await router.propagate_event(update_type=update_type, event=event, **kwargs)
               ^^^^^^^^^^^^^^^^^^^^^^^^^^^^^^^^^^^^^^^^^^^^^^^^^^^^^^^^^^^^^^^^^^^^^^^^^^^^
  File "/Users/refusned/Desktop/New bot/exchange-monitor-bot/.venv/lib/python3.14/site-packages/aiogram/dispatcher/router.py", line 165, in propagate_event
    return await observer.wrap_outer_middleware(_wrapped, event=event, data=kwargs)
           ^^^^^^^^^^^^^^^^^^^^^^^^^^^^^^^^^^^^^^^^^^^^^^^^^^^^^^^^^^^^^^^^^^^^^^^^
  File "/Users/refusned/Desktop/New bot/exchange-monitor-bot/.venv/lib/python3.14/site-packages/aiogram/dispatcher/router.py", line 157, in _wrapped
    return await self._propagate_event(
           ^^^^^^^^^^^^^^^^^^^^^^^^^^^^
    ...<4 lines>...
    )
    ^
  File "/Users/refusned/Desktop/New bot/exchange-monitor-bot/.venv/lib/python3.14/site-packages/aiogram/dispatcher/router.py", line 185, in _propagate_event
    response = await observer.trigger(event, **kwargs)
               ^^^^^^^^^^^^^^^^^^^^^^^^^^^^^^^^^^^^^^^
  File "/Users/refusned/Desktop/New bot/exchange-monitor-bot/.venv/lib/python3.14/site-packages/aiogram/dispatcher/event/telegram.py", line 126, in trigger
    return await wrapped_inner(event, kwargs)
           ^^^^^^^^^^^^^^^^^^^^^^^^^^^^^^^^^^
  File "/Users/refusned/Desktop/New bot/exchange-monitor-bot/.venv/lib/python3.14/site-packages/aiogram/dispatcher/event/handler.py", line 71, in call
    return await wrapped()
           ^^^^^^^^^^^^^^^
  File "/Users/refusned/Desktop/Бот тест Мултика/bot/handlers.py", line 81, in wrapper
    return await handler(message, state, settings, **kwargs)
           ^^^^^^^^^^^^^^^^^^^^^^^^^^^^^^^^^^^^^^^^^^^^^^^^^
  File "/Users/refusned/Desktop/Бот тест Мултика/bot/handlers.py", line 186, in reply_dashboard
    await _show_dashboard(message, settings)
  File "/Users/refusned/Desktop/Бот тест Мултика/bot/handlers.py", line 657, in _show_dashboard
    await message.answer(
    ...<7 lines>...
    )
  File "/Users/refusned/Desktop/New bot/exchange-monitor-bot/.venv/lib/python3.14/site-packages/aiogram/methods/base.py", line 82, in emit
    return await bot(self)
           ^^^^^^^^^^^^^^^
  File "/Users/refusned/Desktop/New bot/exchange-monitor-bot/.venv/lib/python3.14/site-packages/aiogram/client/bot.py", line 504, in __call__
    return await self.session(self, method, timeout=request_timeout)
           ^^^^^^^^^^^^^^^^^^^^^^^^^^^^^^^^^^^^^^^^^^^^^^^^^^^^^^^^^
  File "/Users/refusned/Desktop/New bot/exchange-monitor-bot/.venv/lib/python3.14/site-packages/aiogram/client/session/base.py", line 259, in __call__
    return cast(TelegramType, await middleware(bot, method))
                              ^^^^^^^^^^^^^^^^^^^^^^^^^^^^^
  File "/Users/refusned/Desktop/New bot/exchange-monitor-bot/.venv/lib/python3.14/site-packages/aiogram/client/session/aiohttp.py", line 177, in make_request
    response = self.check_response(
        bot=bot,
    ...<2 lines>...
        content=raw_result,
    )
  File "/Users/refusned/Desktop/New bot/exchange-monitor-bot/.venv/lib/python3.14/site-packages/aiogram/client/session/base.py", line 121, in check_response
    raise TelegramBadRequest(method=method, message=description)
aiogram.exceptions.TelegramBadRequest: Telegram server says - Bad Request: can't parse entities: Can't find end of the entity starting at byte offset 108
Failed to fetch updates - TelegramConflictError: Telegram server says - Conflict: terminated by other getUpdates request; make sure that only one bot instance is running
Sleep for 1.000000 seconds and try again... (tryings = 0, bot id = 8935147286)
Failed to fetch updates - TelegramConflictError: Telegram server says - Conflict: terminated by other getUpdates request; make sure that only one bot instance is running
Sleep for 1.200101 seconds and try again... (tryings = 1, bot id = 8935147286)
Failed to fetch updates - TelegramConflictError: Telegram server says - Conflict: terminated by other getUpdates request; make sure that only one bot instance is running
Sleep for 1.637732 seconds and try again... (tryings = 2, bot id = 8935147286)
Failed to fetch updates - TelegramConflictError: Telegram server says - Conflict: terminated by other getUpdates request; make sure that only one bot instance is running
Sleep for 2.182070 seconds and try again... (tryings = 3, bot id = 8935147286)
Failed to fetch updates - TelegramConflictError: Telegram server says - Conflict: terminated by other getUpdates request; make sure that only one bot instance is running
Sleep for 2.818015 seconds and try again... (tryings = 4, bot id = 8935147286)
Failed to fetch updates - TelegramConflictError: Telegram server says - Conflict: terminated by other getUpdates request; make sure that only one bot instance is running
Sleep for 3.812452 seconds and try again... (tryings = 5, bot id = 8935147286)
Failed to fetch updates - TelegramConflictError: Telegram server says - Conflict: terminated by other getUpdates request; make sure that only one bot instance is running
Sleep for 4.919004 seconds and try again... (tryings = 6, bot id = 8935147286)
Bot started. Press Ctrl+C to stop.
Shutdown complete.
