Failed to fetch updates - TelegramNetworkError: HTTP Client says - ServerDisconnectedError: Server disconnected
Sleep for 1.000000 seconds and try again... (tryings = 0, bot id = 8935147286)
Traceback (most recent call last):
  File "/Users/refusned/Desktop/Бот тест Мултика/main.py", line 39, in _single_instance_lock
    fcntl.flock(lock_file.fileno(), fcntl.LOCK_EX | fcntl.LOCK_NB)
    ~~~~~~~~~~~^^^^^^^^^^^^^^^^^^^^^^^^^^^^^^^^^^^^^^^^^^^^^^^^^^^
BlockingIOError: [Errno 35] Resource temporarily unavailable

The above exception was the direct cause of the following exception:

Traceback (most recent call last):
  File "/Users/refusned/Desktop/Бот тест Мултика/main.py", line 198, in <module>
    asyncio.run(main())
    ~~~~~~~~~~~^^^^^^^^
  File "/usr/local/Homebrew/Cellar/python@3.14/3.14.4/Frameworks/Python.framework/Versions/3.14/lib/python3.14/asyncio/runners.py", line 204, in run
    return runner.run(main)
           ~~~~~~~~~~^^^^^^
  File "/usr/local/Homebrew/Cellar/python@3.14/3.14.4/Frameworks/Python.framework/Versions/3.14/lib/python3.14/asyncio/runners.py", line 127, in run
    return self._loop.run_until_complete(task)
           ~~~~~~~~~~~~~~~~~~~~~~~~~~~~~^^^^^^
  File "/usr/local/Homebrew/Cellar/python@3.14/3.14.4/Frameworks/Python.framework/Versions/3.14/lib/python3.14/asyncio/base_events.py", line 719, in run_until_complete
    return future.result()
           ~~~~~~~~~~~~~^^
  File "/Users/refusned/Desktop/Бот тест Мултика/main.py", line 101, in main
    with _single_instance_lock():
         ~~~~~~~~~~~~~~~~~~~~~^^
  File "/usr/local/Homebrew/Cellar/python@3.14/3.14.4/Frameworks/Python.framework/Versions/3.14/lib/python3.14/contextlib.py", line 141, in __enter__
    return next(self.gen)
  File "/Users/refusned/Desktop/Бот тест Мултика/main.py", line 41, in _single_instance_lock
    raise RuntimeError(
    ...<2 lines>...
    ) from exc
RuntimeError: Bot is already running locally (lock file: bot.lock). Stop the existing process before starting another polling instance.
Traceback (most recent call last):
  File "/Users/refusned/Desktop/Бот тест Мултика/main.py", line 39, in _single_instance_lock
    fcntl.flock(lock_file.fileno(), fcntl.LOCK_EX | fcntl.LOCK_NB)
    ~~~~~~~~~~~^^^^^^^^^^^^^^^^^^^^^^^^^^^^^^^^^^^^^^^^^^^^^^^^^^^
BlockingIOError: [Errno 35] Resource temporarily unavailable

The above exception was the direct cause of the following exception:

Traceback (most recent call last):
  File "/Users/refusned/Desktop/Бот тест Мултика/main.py", line 198, in <module>
    asyncio.run(main())
    ~~~~~~~~~~~^^^^^^^^
  File "/usr/local/Homebrew/Cellar/python@3.14/3.14.4/Frameworks/Python.framework/Versions/3.14/lib/python3.14/asyncio/runners.py", line 204, in run
    return runner.run(main)
           ~~~~~~~~~~^^^^^^
  File "/usr/local/Homebrew/Cellar/python@3.14/3.14.4/Frameworks/Python.framework/Versions/3.14/lib/python3.14/asyncio/runners.py", line 127, in run
    return self._loop.run_until_complete(task)
           ~~~~~~~~~~~~~~~~~~~~~~~~~~~~~^^^^^^
  File "/usr/local/Homebrew/Cellar/python@3.14/3.14.4/Frameworks/Python.framework/Versions/3.14/lib/python3.14/asyncio/base_events.py", line 719, in run_until_complete
    return future.result()
           ~~~~~~~~~~~~~^^
  File "/Users/refusned/Desktop/Бот тест Мултика/main.py", line 101, in main
    with _single_instance_lock():
         ~~~~~~~~~~~~~~~~~~~~~^^
  File "/usr/local/Homebrew/Cellar/python@3.14/3.14.4/Frameworks/Python.framework/Versions/3.14/lib/python3.14/contextlib.py", line 141, in __enter__
    return next(self.gen)
  File "/Users/refusned/Desktop/Бот тест Мултика/main.py", line 41, in _single_instance_lock
    raise RuntimeError(
    ...<2 lines>...
    ) from exc
RuntimeError: Bot is already running locally (lock file: bot.lock). Stop the existing process before starting another polling instance.
Traceback (most recent call last):
  File "/Users/refusned/Desktop/Бот тест Мултика/main.py", line 39, in _single_instance_lock
    fcntl.flock(lock_file.fileno(), fcntl.LOCK_EX | fcntl.LOCK_NB)
    ~~~~~~~~~~~^^^^^^^^^^^^^^^^^^^^^^^^^^^^^^^^^^^^^^^^^^^^^^^^^^^
BlockingIOError: [Errno 35] Resource temporarily unavailable

The above exception was the direct cause of the following exception:

Traceback (most recent call last):
  File "/Users/refusned/Desktop/Бот тест Мултика/main.py", line 198, in <module>
    asyncio.run(main())
    ~~~~~~~~~~~^^^^^^^^
  File "/usr/local/Homebrew/Cellar/python@3.14/3.14.4/Frameworks/Python.framework/Versions/3.14/lib/python3.14/asyncio/runners.py", line 204, in run
    return runner.run(main)
           ~~~~~~~~~~^^^^^^
  File "/usr/local/Homebrew/Cellar/python@3.14/3.14.4/Frameworks/Python.framework/Versions/3.14/lib/python3.14/asyncio/runners.py", line 127, in run
    return self._loop.run_until_complete(task)
           ~~~~~~~~~~~~~~~~~~~~~~~~~~~~~^^^^^^
  File "/usr/local/Homebrew/Cellar/python@3.14/3.14.4/Frameworks/Python.framework/Versions/3.14/lib/python3.14/asyncio/base_events.py", line 719, in run_until_complete
    return future.result()
           ~~~~~~~~~~~~~^^
  File "/Users/refusned/Desktop/Бот тест Мултика/main.py", line 101, in main
    with _single_instance_lock():
         ~~~~~~~~~~~~~~~~~~~~~^^
  File "/usr/local/Homebrew/Cellar/python@3.14/3.14.4/Frameworks/Python.framework/Versions/3.14/lib/python3.14/contextlib.py", line 141, in __enter__
    return next(self.gen)
  File "/Users/refusned/Desktop/Бот тест Мултика/main.py", line 41, in _single_instance_lock
    raise RuntimeError(
    ...<2 lines>...
    ) from exc
RuntimeError: Bot is already running locally (lock file: bot.lock). Stop the existing process before starting another polling instance.
Traceback (most recent call last):
  File "/Users/refusned/Desktop/Бот тест Мултика/main.py", line 39, in _single_instance_lock
    fcntl.flock(lock_file.fileno(), fcntl.LOCK_EX | fcntl.LOCK_NB)
    ~~~~~~~~~~~^^^^^^^^^^^^^^^^^^^^^^^^^^^^^^^^^^^^^^^^^^^^^^^^^^^
BlockingIOError: [Errno 35] Resource temporarily unavailable

The above exception was the direct cause of the following exception:

Traceback (most recent call last):
  File "/Users/refusned/Desktop/Бот тест Мултика/main.py", line 198, in <module>
    asyncio.run(main())
    ~~~~~~~~~~~^^^^^^^^
  File "/usr/local/Homebrew/Cellar/python@3.14/3.14.4/Frameworks/Python.framework/Versions/3.14/lib/python3.14/asyncio/runners.py", line 204, in run
    return runner.run(main)
           ~~~~~~~~~~^^^^^^
  File "/usr/local/Homebrew/Cellar/python@3.14/3.14.4/Frameworks/Python.framework/Versions/3.14/lib/python3.14/asyncio/runners.py", line 127, in run
    return self._loop.run_until_complete(task)
           ~~~~~~~~~~~~~~~~~~~~~~~~~~~~~^^^^^^
  File "/usr/local/Homebrew/Cellar/python@3.14/3.14.4/Frameworks/Python.framework/Versions/3.14/lib/python3.14/asyncio/base_events.py", line 719, in run_until_complete
    return future.result()
           ~~~~~~~~~~~~~^^
  File "/Users/refusned/Desktop/Бот тест Мултика/main.py", line 101, in main
    with _single_instance_lock():
         ~~~~~~~~~~~~~~~~~~~~~^^
  File "/usr/local/Homebrew/Cellar/python@3.14/3.14.4/Frameworks/Python.framework/Versions/3.14/lib/python3.14/contextlib.py", line 141, in __enter__
    return next(self.gen)
  File "/Users/refusned/Desktop/Бот тест Мултика/main.py", line 41, in _single_instance_lock
    raise RuntimeError(
    ...<2 lines>...
    ) from exc
RuntimeError: Bot is already running locally (lock file: bot.lock). Stop the existing process before starting another polling instance.
Failed to fetch updates - TelegramConflictError: Telegram server says - Conflict: terminated by other getUpdates request; make sure that only one bot instance is running
Sleep for 1.000000 seconds and try again... (tryings = 0, bot id = 8935147286)
Failed to fetch updates - TelegramConflictError: Telegram server says - Conflict: terminated by other getUpdates request; make sure that only one bot instance is running
Sleep for 1.518430 seconds and try again... (tryings = 1, bot id = 8935147286)
Failed to fetch updates - TelegramConflictError: Telegram server says - Conflict: terminated by other getUpdates request; make sure that only one bot instance is running
Sleep for 2.298004 seconds and try again... (tryings = 2, bot id = 8935147286)
Failed to fetch updates - TelegramConflictError: Telegram server says - Conflict: terminated by other getUpdates request; make sure that only one bot instance is running
Sleep for 3.011676 seconds and try again... (tryings = 3, bot id = 8935147286)
Failed to fetch updates - TelegramConflictError: Telegram server says - Conflict: terminated by other getUpdates request; make sure that only one bot instance is running
Sleep for 3.958545 seconds and try again... (tryings = 4, bot id = 8935147286)
Failed to fetch updates - TelegramConflictError: Telegram server says - Conflict: terminated by other getUpdates request; make sure that only one bot instance is running
Sleep for 5.125476 seconds and try again... (tryings = 5, bot id = 8935147286)
Failed to fetch updates - TelegramConflictError: Telegram server says - Conflict: terminated by other getUpdates request; make sure that only one bot instance is running
Sleep for 5.125060 seconds and try again... (tryings = 6, bot id = 8935147286)
Failed to fetch updates - TelegramConflictError: Telegram server says - Conflict: terminated by other getUpdates request; make sure that only one bot instance is running
Sleep for 5.010653 seconds and try again... (tryings = 7, bot id = 8935147286)
Failed to fetch updates - TelegramConflictError: Telegram server says - Conflict: terminated by other getUpdates request; make sure that only one bot instance is running
Sleep for 4.969023 seconds and try again... (tryings = 8, bot id = 8935147286)
Failed to fetch updates - TelegramConflictError: Telegram server says - Conflict: terminated by other getUpdates request; make sure that only one bot instance is running
Sleep for 5.020694 seconds and try again... (tryings = 9, bot id = 8935147286)
Failed to fetch updates - TelegramConflictError: Telegram server says - Conflict: terminated by other getUpdates request; make sure that only one bot instance is running
Sleep for 4.916064 seconds and try again... (tryings = 10, bot id = 8935147286)
Failed to fetch updates - TelegramNetworkError: HTTP Client says - ServerDisconnectedError: Server disconnected
Sleep for 4.990601 seconds and try again... (tryings = 11, bot id = 8935147286)
Failed to fetch updates - TelegramConflictError: Telegram server says - Conflict: terminated by other getUpdates request; make sure that only one bot instance is running
Sleep for 1.000000 seconds and try again... (tryings = 0, bot id = 8935147286)
Failed to fetch updates - TelegramConflictError: Telegram server says - Conflict: terminated by other getUpdates request; make sure that only one bot instance is running
Sleep for 1.363715 seconds and try again... (tryings = 1, bot id = 8935147286)
Failed to fetch updates - TelegramConflictError: Telegram server says - Conflict: terminated by other getUpdates request; make sure that only one bot instance is running
Sleep for 1.845595 seconds and try again... (tryings = 2, bot id = 8935147286)
